{"/Users/xiuxiuding/Documents/work/hydrogen/src/format/size.ts": {"path":"/Users/xiuxiuding/Documents/work/hydrogen/src/format/size.ts","statementMap":{"0":{"start":{"line":2,"column":0},"end":{"line":2,"column":62}},"1":{"start":{"line":3,"column":0},"end":{"line":3,"column":28}},"2":{"start":{"line":4,"column":0},"end":{"line":22,"column":2}},"3":{"start":{"line":5,"column":4},"end":{"line":7,"column":5}},"4":{"start":{"line":6,"column":8},"end":{"line":6,"column":21}},"5":{"start":{"line":8,"column":16},"end":{"line":18,"column":5}},"6":{"start":{"line":19,"column":16},"end":{"line":19,"column":65}},"7":{"start":{"line":20,"column":15},"end":{"line":20,"column":44}},"8":{"start":{"line":21,"column":4},"end":{"line":21,"column":68}}},"fnMap":{"0":{"name":"(anonymous_0)","decl":{"start":{"line":4,"column":21},"end":{"line":4,"column":22}},"loc":{"start":{"line":4,"column":38},"end":{"line":22,"column":1}},"line":4}},"branchMap":{"0":{"loc":{"start":{"line":5,"column":4},"end":{"line":7,"column":5}},"type":"if","locations":[{"start":{"line":5,"column":4},"end":{"line":7,"column":5}},{"start":{},"end":{}}],"line":5},"1":{"loc":{"start":{"line":19,"column":16},"end":{"line":19,"column":65}},"type":"binary-expr","locations":[{"start":{"line":19,"column":16},"end":{"line":19,"column":60}},{"start":{"line":19,"column":64},"end":{"line":19,"column":65}}],"line":19},"2":{"loc":{"start":{"line":21,"column":12},"end":{"line":21,"column":45}},"type":"cond-expr","locations":[{"start":{"line":21,"column":23},"end":{"line":21,"column":38}},{"start":{"line":21,"column":41},"end":{"line":21,"column":45}}],"line":21}},"s":{"0":1,"1":1,"2":1,"3":3,"4":1,"5":2,"6":2,"7":2,"8":2},"f":{"0":3},"b":{"0":[1,2],"1":[2,1],"2":[1,1]},"inputSourceMap":null,"_coverageSchema":"1a1c01bbd47fc00a2c39e90264f33305004495a9","hash":"2f0c49c971ecc45c6533e56e5cb77b546ebb3f8f"}
}
